MusicStreamApp/app/build/intermediates/manifest_merge_blame_file/release/processReleaseMainManifest/manifest-merger-blame-release-report.txt
1<?xml version="1.0" encoding="utf-8"?>
2<manifest xmlns:android="http://schemas.android.com/apk/res/android"
3    package="com.example.musicstreamapp"
4    android:versionCode="1"
5    android:versionName="1.0" >
6
7    <uses-sdk
8        android:minSdkVersion="24"
9        android:targetSdkVersion="34" />
10
11    <uses-permission android:name="android.permission.INTERNET" />
11-->src/main/AndroidManifest.xml:4:5-67
11-->src/main/AndroidManifest.xml:4:22-64
12    <uses-permission android:name="android.permission.ACCESS_NETWORK_STATE" />
12-->src/main/AndroidManifest.xml:5:5-79
12-->src/main/AndroidManifest.xml:5:22-76
13    <uses-permission android:name="android.permission.POST_NOTIFICATIONS" />
13-->src/main/AndroidManifest.xml:6:5-77
13-->src/main/AndroidManifest.xml:6:22-74
14    <uses-permission android:name="android.permission.FOREGROUND_SERVICE" />
14-->src/main/AndroidManifest.xml:7:5-77
14-->src/main/AndroidManifest.xml:7:22-74
15    <uses-permission android:name="android.permission.FOREGROUND_SERVICE_MEDIA_PLAYBACK" />
15-->src/main/AndroidManifest.xml:8:5-92
15-->src/main/AndroidManifest.xml:8:22-89
16    <uses-permission android:name="android.permission.WAKE_LOCK" />
16-->src/main/AndroidManifest.xml:9:5-68
16-->src/main/AndroidManifest.xml:9:22-65
17    <uses-permission android:name="com.google.android.gms.permission.AD_ID" />
17-->[com.google.android.gms:play-services-ads-lite:23.2.0] AndroidManifest.xml:26:5-79
17-->[com.google.android.gms:play-services-ads-lite:23.2.0] AndroidManifest.xml:26:22-76
18    <uses-permission android:name="android.permission.ACCESS_ADSERVICES_AD_ID" />
18-->[com.google.android.gms:play-services-ads-lite:23.2.0] AndroidManifest.xml:27:5-82
18-->[com.google.android.gms:play-services-ads-lite:23.2.0] AndroidManifest.xml:27:22-79
19    <uses-permission android:name="android.permission.ACCESS_ADSERVICES_ATTRIBUTION" />
19-->[com.google.android.gms:play-services-ads-lite:23.2.0] AndroidManifest.xml:28:5-88
19-->[com.google.android.gms:play-services-ads-lite:23.2.0] AndroidManifest.xml:28:22-85
20    <uses-permission android:name="android.permission.ACCESS_ADSERVICES_TOPICS" /> <!-- Android package visibility setting -->
20-->[com.google.android.gms:play-services-ads-lite:23.2.0] AndroidManifest.xml:29:5-83
20-->[com.google.android.gms:play-services-ads-lite:23.2.0] AndroidManifest.xml:29:22-80
21    <queries>
21-->[com.google.android.gms:play-services-ads-lite:23.2.0] AndroidManifest.xml:35:5-51:15
22
23        <!-- For browser content -->
24        <intent>
24-->[com.google.android.gms:play-services-ads-lite:23.2.0] AndroidManifest.xml:38:9-44:18
25            <action android:name="android.intent.action.VIEW" />
25-->[com.google.android.gms:play-services-ads-lite:23.2.0] AndroidManifest.xml:39:13-65
25-->[com.google.android.gms:play-services-ads-lite:23.2.0] AndroidManifest.xml:39:21-62
26
27            <category android:name="android.intent.category.BROWSABLE" />
27-->[com.google.android.gms:play-services-ads-lite:23.2.0] AndroidManifest.xml:41:13-74
27-->[com.google.android.gms:play-services-ads-lite:23.2.0] AndroidManifest.xml:41:23-71
28
29            <data android:scheme="https" />
29-->[com.google.android.gms:play-services-ads-lite:23.2.0] AndroidManifest.xml:43:13-44
29-->[com.google.android.gms:play-services-ads-lite:23.2.0] AndroidManifest.xml:43:19-41
30        </intent>
31        <!-- End of browser content -->
32        <!-- For CustomTabsService -->
33        <intent>
33-->[com.google.android.gms:play-services-ads-lite:23.2.0] AndroidManifest.xml:47:9-49:18
34            <action android:name="android.support.customtabs.action.CustomTabsService" />
34-->[com.google.android.gms:play-services-ads-lite:23.2.0] AndroidManifest.xml:48:13-90
34-->[com.google.android.gms:play-services-ads-lite:23.2.0] AndroidManifest.xml:48:21-87
35        </intent>
36        <!-- End of CustomTabsService -->
37    </queries>
38
39    <permission
39-->[androidx.core:core:1.13.0] AndroidManifest.xml:22:5-24:47
40        android:name="com.example.musicstreamapp.DYNAMIC_RECEIVER_NOT_EXPORTED_PERMISSION"
40-->[androidx.core:core:1.13.0] AndroidManifest.xml:23:9-81
41        android:protectionLevel="signature" />
41-->[androidx.core:core:1.13.0] AndroidManifest.xml:24:9-44
42
43    <uses-permission android:name="com.example.musicstreamapp.DYNAMIC_RECEIVER_NOT_EXPORTED_PERMISSION" />
43-->[androidx.core:core:1.13.0] AndroidManifest.xml:26:5-97
43-->[androidx.core:core:1.13.0] AndroidManifest.xml:26:22-94
44
45    <application
45-->src/main/AndroidManifest.xml:11:5-43:19
46        android:name="com.example.musicstreamapp.MusicStreamApplication"
46-->src/main/AndroidManifest.xml:12:9-47
47        android:allowBackup="true"
47-->src/main/AndroidManifest.xml:13:9-35
48        android:appComponentFactory="androidx.core.app.CoreComponentFactory"
48-->[androidx.core:core:1.13.0] AndroidManifest.xml:28:18-86
49        android:extractNativeLibs="false"
50        android:icon="@mipmap/ic_launcher"
50-->src/main/AndroidManifest.xml:14:9-43
51        android:label="@string/app_name"
51-->src/main/AndroidManifest.xml:15:9-41
52        android:roundIcon="@mipmap/ic_launcher_round"
52-->src/main/AndroidManifest.xml:16:9-54
53        android:supportsRtl="true"
53-->src/main/AndroidManifest.xml:17:9-35
54        android:theme="@style/Theme.MusicStreamApp" >
54-->src/main/AndroidManifest.xml:18:9-52
55        <meta-data
55-->src/main/AndroidManifest.xml:20:9-22:70
56            android:name="com.google.android.gms.ads.APPLICATION_ID"
56-->src/main/AndroidManifest.xml:21:13-69
57            android:value="ca-app-pub-7729809718068466~4295916964" />
57-->src/main/AndroidManifest.xml:22:13-67
58
59        <activity
59-->src/main/AndroidManifest.xml:24:9-26:40
60            android:name="com.example.musicstreamapp.ui.player.PlayerActivity"
60-->src/main/AndroidManifest.xml:25:13-53
61            android:exported="false" />
61-->src/main/AndroidManifest.xml:26:13-37
62
63        <service
63-->src/main/AndroidManifest.xml:28:9-32:61
64            android:name="com.example.musicstreamapp.player.MusicPlaybackService"
64-->src/main/AndroidManifest.xml:29:13-56
65            android:enabled="true"
65-->src/main/AndroidManifest.xml:30:13-35
66            android:exported="false"
66-->src/main/AndroidManifest.xml:31:13-37
67            android:foregroundServiceType="mediaPlayback" />
67-->src/main/AndroidManifest.xml:32:13-58
68
69        <activity
69-->src/main/AndroidManifest.xml:34:9-41:20
70            android:name="com.example.musicstreamapp.MainActivity"
70-->src/main/AndroidManifest.xml:35:13-41
71            android:exported="true" >
71-->src/main/AndroidManifest.xml:36:13-36
72            <intent-filter>
72-->src/main/AndroidManifest.xml:37:13-40:29
73                <action android:name="android.intent.action.MAIN" />
73-->src/main/AndroidManifest.xml:38:17-69
73-->src/main/AndroidManifest.xml:38:25-66
74
75                <category android:name="android.intent.category.LAUNCHER" />
75-->src/main/AndroidManifest.xml:39:17-77
75-->src/main/AndroidManifest.xml:39:27-74
76            </intent-filter>
77        </activity>
78
79        <!-- Include the AdActivity and InAppPurchaseActivity configChanges and themes. -->
80        <activity
80-->[com.google.android.gms:play-services-ads-lite:23.2.0] AndroidManifest.xml:56:9-61:43
81            android:name="com.google.android.gms.ads.AdActivity"
81-->[com.google.android.gms:play-services-ads-lite:23.2.0] AndroidManifest.xml:57:13-65
82            android:configChanges="keyboard|keyboardHidden|orientation|screenLayout|uiMode|screenSize|smallestScreenSize"
82-->[com.google.android.gms:play-services-ads-lite:23.2.0] AndroidManifest.xml:58:13-122
83            android:exported="false"
83-->[com.google.android.gms:play-services-ads-lite:23.2.0] AndroidManifest.xml:59:13-37
84            android:theme="@android:style/Theme.Translucent" />
84-->[com.google.android.gms:play-services-ads-lite:23.2.0] AndroidManifest.xml:60:13-61
85
86        <provider
86-->[com.google.android.gms:play-services-ads-lite:23.2.0] AndroidManifest.xml:63:9-68:43
87            android:name="com.google.android.gms.ads.MobileAdsInitProvider"
87-->[com.google.android.gms:play-services-ads-lite:23.2.0] AndroidManifest.xml:64:13-76
88            android:authorities="com.example.musicstreamapp.mobileadsinitprovider"
88-->[com.google.android.gms:play-services-ads-lite:23.2.0] AndroidManifest.xml:65:13-73
89            android:exported="false"
89-->[com.google.android.gms:play-services-ads-lite:23.2.0] AndroidManifest.xml:66:13-37
90            android:initOrder="100" />
90-->[com.google.android.gms:play-services-ads-lite:23.2.0] AndroidManifest.xml:67:13-36
91
92        <service
92-->[com.google.android.gms:play-services-ads-lite:23.2.0] AndroidManifest.xml:70:9-74:43
93            android:name="com.google.android.gms.ads.AdService"
93-->[com.google.android.gms:play-services-ads-lite:23.2.0] AndroidManifest.xml:71:13-64
94            android:enabled="true"
94-->[com.google.android.gms:play-services-ads-lite:23.2.0] AndroidManifest.xml:72:13-35
95            android:exported="false" />
95-->[com.google.android.gms:play-services-ads-lite:23.2.0] AndroidManifest.xml:73:13-37
96
97        <activity
97-->[com.google.android.gms:play-services-ads-lite:23.2.0] AndroidManifest.xml:76:9-80:43
98            android:name="com.google.android.gms.ads.OutOfContextTestingActivity"
98-->[com.google.android.gms:play-services-ads-lite:23.2.0] AndroidManifest.xml:77:13-82
99            android:configChanges="keyboard|keyboardHidden|orientation|screenLayout|uiMode|screenSize|smallestScreenSize"
99-->[com.google.android.gms:play-services-ads-lite:23.2.0] AndroidManifest.xml:78:13-122
100            android:exported="false" />
100-->[com.google.android.gms:play-services-ads-lite:23.2.0] AndroidManifest.xml:79:13-37
101        <activity
101-->[com.google.android.gms:play-services-ads-lite:23.2.0] AndroidManifest.xml:81:9-88:43
102            android:name="com.google.android.gms.ads.NotificationHandlerActivity"
102-->[com.google.android.gms:play-services-ads-lite:23.2.0] AndroidManifest.xml:82:13-82
103            android:excludeFromRecents="true"
103-->[com.google.android.gms:play-services-ads-lite:23.2.0] AndroidManifest.xml:83:13-46
104            android:exported="false"
104-->[com.google.android.gms:play-services-ads-lite:23.2.0] AndroidManifest.xml:84:13-37
105            android:launchMode="singleTask"
105-->[com.google.android.gms:play-services-ads-lite:23.2.0] AndroidManifest.xml:85:13-44
106            android:taskAffinity=""
106-->[com.google.android.gms:play-services-ads-lite:23.2.0] AndroidManifest.xml:86:13-36
107            android:theme="@android:style/Theme.Translucent.NoTitleBar" />
107-->[com.google.android.gms:play-services-ads-lite:23.2.0] AndroidManifest.xml:87:13-72
108
109        <property
109-->[com.google.android.gms:play-services-ads-lite:23.2.0] AndroidManifest.xml:90:9-92:62
110            android:name="android.adservices.AD_SERVICES_CONFIG"
110-->[com.google.android.gms:play-services-ads-lite:23.2.0] AndroidManifest.xml:91:13-65
111            android:resource="@xml/gma_ad_services_config" />
111-->[com.google.android.gms:play-services-ads-lite:23.2.0] AndroidManifest.xml:92:13-59
112
113        <activity
113-->[com.google.android.gms:play-services-base:18.0.0] AndroidManifest.xml:20:9-22:45
114            android:name="com.google.android.gms.common.api.GoogleApiActivity"
114-->[com.google.android.gms:play-services-base:18.0.0] AndroidManifest.xml:20:19-85
115            android:exported="false"
115-->[com.google.android.gms:play-services-base:18.0.0] AndroidManifest.xml:22:19-43
116            android:theme="@android:style/Theme.Translucent.NoTitleBar" />
116-->[com.google.android.gms:play-services-base:18.0.0] AndroidManifest.xml:21:19-78
117
118        <meta-data
118-->[com.google.android.gms:play-services-basement:18.3.0] AndroidManifest.xml:21:9-23:69
119            android:name="com.google.android.gms.version"
119-->[com.google.android.gms:play-services-basement:18.3.0] AndroidManifest.xml:22:13-58
120            android:value="@integer/google_play_services_version" />
120-->[com.google.android.gms:play-services-basement:18.3.0] AndroidManifest.xml:23:13-66
121
122        <provider
122-->[androidx.emoji2:emoji2:1.3.0] AndroidManifest.xml:24:9-32:20
123            android:name="androidx.startup.InitializationProvider"
123-->[androidx.emoji2:emoji2:1.3.0] AndroidManifest.xml:25:13-67
124            android:authorities="com.example.musicstreamapp.androidx-startup"
124-->[androidx.emoji2:emoji2:1.3.0] AndroidManifest.xml:26:13-68
125            android:exported="false" >
125-->[androidx.emoji2:emoji2:1.3.0] AndroidManifest.xml:27:13-37
126            <meta-data
126-->[androidx.emoji2:emoji2:1.3.0] AndroidManifest.xml:29:13-31:52
127                android:name="androidx.emoji2.text.EmojiCompatInitializer"
127-->[androidx.emoji2:emoji2:1.3.0] AndroidManifest.xml:30:17-75
128                android:value="androidx.startup" />
128-->[androidx.emoji2:emoji2:1.3.0] AndroidManifest.xml:31:17-49
129            <meta-data
129-->[androidx.lifecycle:lifecycle-process:2.8.2] AndroidManifest.xml:29:13-31:52
130                android:name="androidx.lifecycle.ProcessLifecycleInitializer"
130-->[androidx.lifecycle:lifecycle-process:2.8.2] AndroidManifest.xml:30:17-78
131                android:value="androidx.startup" />
131-->[androidx.lifecycle:lifecycle-process:2.8.2] AndroidManifest.xml:31:17-49
132            <meta-data
132-->[androidx.work:work-runtime:2.7.0] AndroidManifest.xml:36:13-38:52
133                android:name="androidx.work.WorkManagerInitializer"
133-->[androidx.work:work-runtime:2.7.0] AndroidManifest.xml:37:17-68
134                android:value="androidx.startup" />
134-->[androidx.work:work-runtime:2.7.0] AndroidManifest.xml:38:17-49
135            <meta-data
135-->[androidx.profileinstaller:profileinstaller:1.3.1] AndroidManifest.xml:29:13-31:52
136                android:name="androidx.profileinstaller.ProfileInstallerInitializer"
136-->[androidx.profileinstaller:profileinstaller:1.3.1] AndroidManifest.xml:30:17-85
137                android:value="androidx.startup" />
137-->[androidx.profileinstaller:profileinstaller:1.3.1] AndroidManifest.xml:31:17-49
138        </provider>
139
140        <uses-library
140-->[androidx.privacysandbox.ads:ads-adservices:1.0.0-beta05] AndroidManifest.xml:23:9-25:40
141            android:name="android.ext.adservices"
141-->[androidx.privacysandbox.ads:ads-adservices:1.0.0-beta05] AndroidManifest.xml:24:13-50
142            android:required="false" />
142-->[androidx.privacysandbox.ads:ads-adservices:1.0.0-beta05] AndroidManifest.xml:25:13-37
143
144        <service
144-->[androidx.work:work-runtime:2.7.0] AndroidManifest.xml:41:9-46:35
145            android:name="androidx.work.impl.background.systemalarm.SystemAlarmService"
145-->[androidx.work:work-runtime:2.7.0] AndroidManifest.xml:42:13-88
146            android:directBootAware="false"
146-->[androidx.work:work-runtime:2.7.0] AndroidManifest.xml:43:13-44
147            android:enabled="@bool/enable_system_alarm_service_default"
147-->[androidx.work:work-runtime:2.7.0] AndroidManifest.xml:44:13-72
148            android:exported="false" />
148-->[androidx.work:work-runtime:2.7.0] AndroidManifest.xml:45:13-37
149        <service
149-->[androidx.work:work-runtime:2.7.0] AndroidManifest.xml:47:9-53:35
150            android:name="androidx.work.impl.background.systemjob.SystemJobService"
150-->[androidx.work:work-runtime:2.7.0] AndroidManifest.xml:48:13-84
151            android:directBootAware="false"
151-->[androidx.work:work-runtime:2.7.0] AndroidManifest.xml:49:13-44
152            android:enabled="@bool/enable_system_job_service_default"
152-->[androidx.work:work-runtime:2.7.0] AndroidManifest.xml:50:13-70
153            android:exported="true"
153-->[androidx.work:work-runtime:2.7.0] AndroidManifest.xml:51:13-36
154            android:permission="android.permission.BIND_JOB_SERVICE" />
154-->[androidx.work:work-runtime:2.7.0] AndroidManifest.xml:52:13-69
155        <service
155-->[androidx.work:work-runtime:2.7.0] AndroidManifest.xml:54:9-59:35
156            android:name="androidx.work.impl.foreground.SystemForegroundService"
156-->[androidx.work:work-runtime:2.7.0] AndroidManifest.xml:55:13-81
157            android:directBootAware="false"
157-->[androidx.work:work-runtime:2.7.0] AndroidManifest.xml:56:13-44
158            android:enabled="@bool/enable_system_foreground_service_default"
158-->[androidx.work:work-runtime:2.7.0] AndroidManifest.xml:57:13-77
159            android:exported="false" />
159-->[androidx.work:work-runtime:2.7.0] AndroidManifest.xml:58:13-37
160
161        <receiver
161-->[androidx.work:work-runtime:2.7.0] AndroidManifest.xml:61:9-66:35
162            android:name="androidx.work.impl.utils.ForceStopRunnable$BroadcastReceiver"
162-->[androidx.work:work-runtime:2.7.0] AndroidManifest.xml:62:13-88
163            android:directBootAware="false"
163-->[androidx.work:work-runtime:2.7.0] AndroidManifest.xml:63:13-44
164            android:enabled="true"
164-->[androidx.work:work-runtime:2.7.0] AndroidManifest.xml:64:13-35
165            android:exported="false" />
165-->[androidx.work:work-runtime:2.7.0] AndroidManifest.xml:65:13-37
166        <receiver
166-->[androidx.work:work-runtime:2.7.0] AndroidManifest.xml:67:9-77:20
167            android:name="androidx.work.impl.background.systemalarm.ConstraintProxy$BatteryChargingProxy"
167-->[androidx.work:work-runtime:2.7.0] AndroidManifest.xml:68:13-106
168            android:directBootAware="false"
168-->[androidx.work:work-runtime:2.7.0] AndroidManifest.xml:69:13-44
169            android:enabled="false"
169-->[androidx.work:work-runtime:2.7.0] AndroidManifest.xml:70:13-36
170            android:exported="false" >
170-->[androidx.work:work-runtime:2.7.0] AndroidManifest.xml:71:13-37
171            <intent-filter>
171-->[androidx.work:work-runtime:2.7.0] AndroidManifest.xml:73:13-76:29
172                <action android:name="android.intent.action.ACTION_POWER_CONNECTED" />
172-->[androidx.work:work-runtime:2.7.0] AndroidManifest.xml:74:17-87
172-->[androidx.work:work-runtime:2.7.0] AndroidManifest.xml:74:25-84
173                <action android:name="android.intent.action.ACTION_POWER_DISCONNECTED" />
173-->[androidx.work:work-runtime:2.7.0] AndroidManifest.xml:75:17-90
173-->[androidx.work:work-runtime:2.7.0] AndroidManifest.xml:75:25-87
174            </intent-filter>
175        </receiver>
176        <receiver
176-->[androidx.work:work-runtime:2.7.0] AndroidManifest.xml:78:9-88:20
177            android:name="androidx.work.impl.background.systemalarm.ConstraintProxy$BatteryNotLowProxy"
177-->[androidx.work:work-runtime:2.7.0] AndroidManifest.xml:79:13-104
178            android:directBootAware="false"
178-->[androidx.work:work-runtime:2.7.0] AndroidManifest.xml:80:13-44
179            android:enabled="false"
179-->[androidx.work:work-runtime:2.7.0] AndroidManifest.xml:81:13-36
180            android:exported="false" >
180-->[androidx.work:work-runtime:2.7.0] AndroidManifest.xml:82:13-37
181            <intent-filter>
181-->[androidx.work:work-runtime:2.7.0] AndroidManifest.xml:84:13-87:29
182                <action android:name="android.intent.action.BATTERY_OKAY" />
182-->[androidx.work:work-runtime:2.7.0] AndroidManifest.xml:85:17-77
182-->[androidx.work:work-runtime:2.7.0] AndroidManifest.xml:85:25-74
183                <action android:name="android.intent.action.BATTERY_LOW" />
183-->[androidx.work:work-runtime:2.7.0] AndroidManifest.xml:86:17-76
183-->[androidx.work:work-runtime:2.7.0] AndroidManifest.xml:86:25-73
184            </intent-filter>
185        </receiver>
186        <receiver
186-->[androidx.work:work-runtime:2.7.0] AndroidManifest.xml:89:9-99:20
187            android:name="androidx.work.impl.background.systemalarm.ConstraintProxy$StorageNotLowProxy"
187-->[androidx.work:work-runtime:2.7.0] AndroidManifest.xml:90:13-104
188            android:directBootAware="false"
188-->[androidx.work:work-runtime:2.7.0] AndroidManifest.xml:91:13-44
189            android:enabled="false"
189-->[androidx.work:work-runtime:2.7.0] AndroidManifest.xml:92:13-36
190            android:exported="false" >
190-->[androidx.work:work-runtime:2.7.0] AndroidManifest.xml:93:13-37
191            <intent-filter>
191-->[androidx.work:work-runtime:2.7.0] AndroidManifest.xml:95:13-98:29
192                <action android:name="android.intent.action.DEVICE_STORAGE_LOW" />
192-->[androidx.work:work-runtime:2.7.0] AndroidManifest.xml:96:17-83
192-->[androidx.work:work-runtime:2.7.0] AndroidManifest.xml:96:25-80
193                <action android:name="android.intent.action.DEVICE_STORAGE_OK" />
193-->[androidx.work:work-runtime:2.7.0] AndroidManifest.xml:97:17-82
193-->[androidx.work:work-runtime:2.7.0] AndroidManifest.xml:97:25-79
194            </intent-filter>
195        </receiver>
196        <receiver
196-->[androidx.work:work-runtime:2.7.0] AndroidManifest.xml:100:9-109:20
197            android:name="androidx.work.impl.background.systemalarm.ConstraintProxy$NetworkStateProxy"
197-->[androidx.work:work-runtime:2.7.0] AndroidManifest.xml:101:13-103
198            android:directBootAware="false"
198-->[androidx.work:work-runtime:2.7.0] AndroidManifest.xml:102:13-44
199            android:enabled="false"
199-->[androidx.work:work-runtime:2.7.0] AndroidManifest.xml:103:13-36
200            android:exported="false" >
200-->[androidx.work:work-runtime:2.7.0] AndroidManifest.xml:104:13-37
201            <intent-filter>
201-->[androidx.work:work-runtime:2.7.0] AndroidManifest.xml:106:13-108:29
202                <action android:name="android.net.conn.CONNECTIVITY_CHANGE" />
202-->[androidx.work:work-runtime:2.7.0] AndroidManifest.xml:107:17-79
202-->[androidx.work:work-runtime:2.7.0] AndroidManifest.xml:107:25-76
203            </intent-filter>
204        </receiver>
205        <receiver
205-->[androidx.work:work-runtime:2.7.0] AndroidManifest.xml:110:9-121:20
206            android:name="androidx.work.impl.background.systemalarm.RescheduleReceiver"
206-->[androidx.work:work-runtime:2.7.0] AndroidManifest.xml:111:13-88
207            android:directBootAware="false"
207-->[androidx.work:work-runtime:2.7.0] AndroidManifest.xml:112:13-44
208            android:enabled="false"
208-->[androidx.work:work-runtime:2.7.0] AndroidManifest.xml:113:13-36
209            android:exported="false" >
209-->[androidx.work:work-runtime:2.7.0] AndroidManifest.xml:114:13-37
210            <intent-filter>
210-->[androidx.work:work-runtime:2.7.0] AndroidManifest.xml:116:13-120:29
211                <action android:name="android.intent.action.BOOT_COMPLETED" />
211-->[androidx.work:work-runtime:2.7.0] AndroidManifest.xml:117:17-79
211-->[androidx.work:work-runtime:2.7.0] AndroidManifest.xml:117:25-76
212                <action android:name="android.intent.action.TIME_SET" />
212-->[androidx.work:work-runtime:2.7.0] AndroidManifest.xml:118:17-73
212-->[androidx.work:work-runtime:2.7.0] AndroidManifest.xml:118:25-70
213                <action android:name="android.intent.action.TIMEZONE_CHANGED" />
213-->[androidx.work:work-runtime:2.7.0] AndroidManifest.xml:119:17-81
213-->[androidx.work:work-runtime:2.7.0] AndroidManifest.xml:119:25-78
214            </intent-filter>
215        </receiver>
216        <receiver
216-->[androidx.work:work-runtime:2.7.0] AndroidManifest.xml:122:9-131:20
217            android:name="androidx.work.impl.background.systemalarm.ConstraintProxyUpdateReceiver"
217-->[androidx.work:work-runtime:2.7.0] AndroidManifest.xml:123:13-99
218            android:directBootAware="false"
218-->[androidx.work:work-runtime:2.7.0] AndroidManifest.xml:124:13-44
219            android:enabled="@bool/enable_system_alarm_service_default"
219-->[androidx.work:work-runtime:2.7.0] AndroidManifest.xml:125:13-72
220            android:exported="false" >
220-->[androidx.work:work-runtime:2.7.0] AndroidManifest.xml:126:13-37
221            <intent-filter>
221-->[androidx.work:work-runtime:2.7.0] AndroidManifest.xml:128:13-130:29
222                <action android:name="androidx.work.impl.background.systemalarm.UpdateProxies" />
222-->[androidx.work:work-runtime:2.7.0] AndroidManifest.xml:129:17-98
222-->[androidx.work:work-runtime:2.7.0] AndroidManifest.xml:129:25-95
223            </intent-filter>
224        </receiver>
225        <receiver
225-->[androidx.work:work-runtime:2.7.0] AndroidManifest.xml:132:9-142:20
226            android:name="androidx.work.impl.diagnostics.DiagnosticsReceiver"
226-->[androidx.work:work-runtime:2.7.0] AndroidManifest.xml:133:13-78
227            android:directBootAware="false"
227-->[androidx.work:work-runtime:2.7.0] AndroidManifest.xml:134:13-44
228            android:enabled="true"
228-->[androidx.work:work-runtime:2.7.0] AndroidManifest.xml:135:13-35
229            android:exported="true"
229-->[androidx.work:work-runtime:2.7.0] AndroidManifest.xml:136:13-36
230            android:permission="android.permission.DUMP" >
230-->[androidx.work:work-runtime:2.7.0] AndroidManifest.xml:137:13-57
231            <intent-filter>
231-->[androidx.work:work-runtime:2.7.0] AndroidManifest.xml:139:13-141:29
232                <action android:name="androidx.work.diagnostics.REQUEST_DIAGNOSTICS" />
232-->[androidx.work:work-runtime:2.7.0] AndroidManifest.xml:140:17-88
232-->[androidx.work:work-runtime:2.7.0] AndroidManifest.xml:140:25-85
233            </intent-filter>
234        </receiver>
235
236        <service
236-->[androidx.room:room-runtime:2.6.1] AndroidManifest.xml:24:9-28:63
237            android:name="androidx.room.MultiInstanceInvalidationService"
237-->[androidx.room:room-runtime:2.6.1] AndroidManifest.xml:25:13-74
238            android:directBootAware="true"
238-->[androidx.room:room-runtime:2.6.1] AndroidManifest.xml:26:13-43
239            android:exported="false" />
239-->[androidx.room:room-runtime:2.6.1] AndroidManifest.xml:27:13-37
240
241        <receiver
241-->[androidx.profileinstaller:profileinstaller:1.3.1] AndroidManifest.xml:34:9-52:20
242            android:name="androidx.profileinstaller.ProfileInstallReceiver"
242-->[androidx.profileinstaller:profileinstaller:1.3.1] AndroidManifest.xml:35:13-76
243            android:directBootAware="false"
243-->[androidx.profileinstaller:profileinstaller:1.3.1] AndroidManifest.xml:36:13-44
244            android:enabled="true"
244-->[androidx.profileinstaller:profileinstaller:1.3.1] AndroidManifest.xml:37:13-35
245            android:exported="true"
245-->[androidx.profileinstaller:profileinstaller:1.3.1] AndroidManifest.xml:38:13-36
246            android:permission="android.permission.DUMP" >
246-->[androidx.profileinstaller:profileinstaller:1.3.1] AndroidManifest.xml:39:13-57
247            <intent-filter>
247-->[androidx.profileinstaller:profileinstaller:1.3.1] AndroidManifest.xml:40:13-42:29
248                <action android:name="androidx.profileinstaller.action.INSTALL_PROFILE" />
248-->[androidx.profileinstaller:profileinstaller:1.3.1] AndroidManifest.xml:41:17-91
248-->[androidx.profileinstaller:profileinstaller:1.3.1] AndroidManifest.xml:41:25-88
249            </intent-filter>
250            <intent-filter>
250-->[androidx.profileinstaller:profileinstaller:1.3.1] AndroidManifest.xml:43:13-45:29
251                <action android:name="androidx.profileinstaller.action.SKIP_FILE" />
251-->[androidx.profileinstaller:profileinstaller:1.3.1] AndroidManifest.xml:44:17-85
251-->[androidx.profileinstaller:profileinstaller:1.3.1] AndroidManifest.xml:44:25-82
252            </intent-filter>
253            <intent-filter>
253-->[androidx.profileinstaller:profileinstaller:1.3.1] AndroidManifest.xml:46:13-48:29
254                <action android:name="androidx.profileinstaller.action.SAVE_PROFILE" />
254-->[androidx.profileinstaller:profileinstaller:1.3.1] AndroidManifest.xml:47:17-88
254-->[androidx.profileinstaller:profileinstaller:1.3.1] AndroidManifest.xml:47:25-85
255            </intent-filter>
256            <intent-filter>
256-->[androidx.profileinstaller:profileinstaller:1.3.1] AndroidManifest.xml:49:13-51:29
257                <action android:name="androidx.profileinstaller.action.BENCHMARK_OPERATION" />
257-->[androidx.profileinstaller:profileinstaller:1.3.1] AndroidManifest.xml:50:17-95
257-->[androidx.profileinstaller:profileinstaller:1.3.1] AndroidManifest.xml:50:25-92
258            </intent-filter>
259        </receiver>
260    </application>
261
262</manifest>